<?xml version="1.0" encoding="UTF-8"?>
<testng-results ignored="0" total="1" passed="1" failed="0" skipped="0">
  <reporter-output>
  </reporter-output>
  <suite started-at="2023-04-19T12:37:10 IST" name="Default suite" finished-at="2023-04-19T12:38:40 IST" duration-ms="89831">
    <groups>
    </groups>
    <test started-at="2023-04-19T12:37:10 IST" name="Default test" finished-at="2023-04-19T12:38:40 IST" duration-ms="89831">
      <class name="CC2.NewTest2">
        <test-method signature="f()[pri:0, instance:CC2.NewTest2@59662a0b]" started-at="2023-04-19T12:37:10 IST" name="f" finished-at="2023-04-19T12:38:40 IST" duration-ms="89771" status="PASS">
          <reporter-output>
          </reporter-output>
        </test-method> <!-- f -->
      </class> <!-- CC2.NewTest2 -->
    </test> <!-- Default test -->
  </suite> <!-- Default suite -->
</testng-results>
